<?xml version="1.0" encoding="UTF-8"?>
<testsuite xmlns:xsi="http://www.w3.org/2001/XMLSchema-instance" xsi:noNamespaceSchemaLocation="https://maven.apache.org/surefire/maven-surefire-plugin/xsd/surefire-test-report.xsd" name="TestSuite" time="15.37" tests="1" errors="0" skipped="0" failures="0">
  <properties>
    <property name="awt.toolkit" value="sun.lwawt.macosx.LWCToolkit"/>
    <property name="java.specification.version" value="12"/>
    <property name="sun.jnu.encoding" value="UTF-8"/>
    <property name="java.class.path" value="/Users/fereizqosulaiman/Documents/Work/GetGo/Dummy/Appium Test/TestIntegrateAppium-TestCase/target/test-classes:/Users/fereizqosulaiman/Documents/Work/GetGo/Dummy/Appium Test/TestIntegrateAppium-TestCase/target/classes:/Users/fereizqosulaiman/.m2/repository/io/appium/java-client/7.4.1/java-client-7.4.1.jar:/Users/fereizqosulaiman/.m2/repository/org/seleniumhq/selenium/selenium-java/3.141.59/selenium-java-3.141.59.jar:/Users/fereizqosulaiman/.m2/repository/org/seleniumhq/selenium/selenium-chrome-driver/3.141.59/selenium-chrome-driver-3.141.59.jar:/Users/fereizqosulaiman/.m2/repository/org/seleniumhq/selenium/selenium-edge-driver/3.141.59/selenium-edge-driver-3.141.59.jar:/Users/fereizqosulaiman/.m2/repository/org/seleniumhq/selenium/selenium-firefox-driver/3.141.59/selenium-firefox-driver-3.141.59.jar:/Users/fereizqosulaiman/.m2/repository/org/seleniumhq/selenium/selenium-ie-driver/3.141.59/selenium-ie-driver-3.141.59.jar:/Users/fereizqosulaiman/.m2/repository/org/seleniumhq/selenium/selenium-opera-driver/3.141.59/selenium-opera-driver-3.141.59.jar:/Users/fereizqosulaiman/.m2/repository/org/seleniumhq/selenium/selenium-remote-driver/3.141.59/selenium-remote-driver-3.141.59.jar:/Users/fereizqosulaiman/.m2/repository/org/seleniumhq/selenium/selenium-safari-driver/3.141.59/selenium-safari-driver-3.141.59.jar:/Users/fereizqosulaiman/.m2/repository/net/bytebuddy/byte-buddy/1.8.15/byte-buddy-1.8.15.jar:/Users/fereizqosulaiman/.m2/repository/org/apache/commons/commons-exec/1.3/commons-exec-1.3.jar:/Users/fereizqosulaiman/.m2/repository/com/google/guava/guava/25.0-jre/guava-25.0-jre.jar:/Users/fereizqosulaiman/.m2/repository/com/google/code/findbugs/jsr305/1.3.9/jsr305-1.3.9.jar:/Users/fereizqosulaiman/.m2/repository/org/checkerframework/checker-compat-qual/2.0.0/checker-compat-qual-2.0.0.jar:/Users/fereizqosulaiman/.m2/repository/com/google/errorprone/error_prone_annotations/2.1.3/error_prone_annotations-2.1.3.jar:/Users/fereizqosulaiman/.m2/repository/com/google/j2objc/j2objc-annotations/1.1/j2objc-annotations-1.1.jar:/Users/fereizqosulaiman/.m2/repository/org/codehaus/mojo/animal-sniffer-annotations/1.14/animal-sniffer-annotations-1.14.jar:/Users/fereizqosulaiman/.m2/repository/com/squareup/okhttp3/okhttp/3.11.0/okhttp-3.11.0.jar:/Users/fereizqosulaiman/.m2/repository/com/squareup/okio/okio/1.14.0/okio-1.14.0.jar:/Users/fereizqosulaiman/.m2/repository/org/seleniumhq/selenium/selenium-support/3.141.59/selenium-support-3.141.59.jar:/Users/fereizqosulaiman/.m2/repository/org/seleniumhq/selenium/selenium-api/3.141.59/selenium-api-3.141.59.jar:/Users/fereizqosulaiman/.m2/repository/com/google/code/gson/gson/2.8.6/gson-2.8.6.jar:/Users/fereizqosulaiman/.m2/repository/org/apache/httpcomponents/httpclient/4.5.13/httpclient-4.5.13.jar:/Users/fereizqosulaiman/.m2/repository/org/apache/httpcomponents/httpcore/4.4.13/httpcore-4.4.13.jar:/Users/fereizqosulaiman/.m2/repository/commons-logging/commons-logging/1.2/commons-logging-1.2.jar:/Users/fereizqosulaiman/.m2/repository/commons-codec/commons-codec/1.11/commons-codec-1.11.jar:/Users/fereizqosulaiman/.m2/repository/cglib/cglib/3.3.0/cglib-3.3.0.jar:/Users/fereizqosulaiman/.m2/repository/org/ow2/asm/asm/7.1/asm-7.1.jar:/Users/fereizqosulaiman/.m2/repository/commons-validator/commons-validator/1.7/commons-validator-1.7.jar:/Users/fereizqosulaiman/.m2/repository/commons-beanutils/commons-beanutils/1.9.4/commons-beanutils-1.9.4.jar:/Users/fereizqosulaiman/.m2/repository/commons-digester/commons-digester/2.1/commons-digester-2.1.jar:/Users/fereizqosulaiman/.m2/repository/commons-collections/commons-collections/3.2.2/commons-collections-3.2.2.jar:/Users/fereizqosulaiman/.m2/repository/org/apache/commons/commons-lang3/3.11/commons-lang3-3.11.jar:/Users/fereizqosulaiman/.m2/repository/commons-io/commons-io/2.8.0/commons-io-2.8.0.jar:/Users/fereizqosulaiman/.m2/repository/org/springframework/spring-context/5.3.1/spring-context-5.3.1.jar:/Users/fereizqosulaiman/.m2/repository/org/springframework/spring-aop/5.3.1/spring-aop-5.3.1.jar:/Users/fereizqosulaiman/.m2/repository/org/springframework/spring-beans/5.3.1/spring-beans-5.3.1.jar:/Users/fereizqosulaiman/.m2/repository/org/springframework/spring-core/5.3.1/spring-core-5.3.1.jar:/Users/fereizqosulaiman/.m2/repository/org/springframework/spring-jcl/5.3.1/spring-jcl-5.3.1.jar:/Users/fereizqosulaiman/.m2/repository/org/springframework/spring-expression/5.3.1/spring-expression-5.3.1.jar:/Users/fereizqosulaiman/.m2/repository/org/aspectj/aspectjweaver/1.9.6/aspectjweaver-1.9.6.jar:/Users/fereizqosulaiman/.m2/repository/org/slf4j/slf4j-api/1.7.30/slf4j-api-1.7.30.jar:/Users/fereizqosulaiman/.m2/repository/org/testng/testng/6.14.3/testng-6.14.3.jar:/Users/fereizqosulaiman/.m2/repository/com/beust/jcommander/1.72/jcommander-1.72.jar:/Users/fereizqosulaiman/.m2/repository/org/apache-extras/beanshell/bsh/2.0b6/bsh-2.0b6.jar:/Users/fereizqosulaiman/.m2/repository/org/jetbrains/kotlin/kotlin-stdlib-jdk8/1.5.31/kotlin-stdlib-jdk8-1.5.31.jar:/Users/fereizqosulaiman/.m2/repository/org/jetbrains/kotlin/kotlin-stdlib/1.5.31/kotlin-stdlib-1.5.31.jar:/Users/fereizqosulaiman/.m2/repository/org/jetbrains/annotations/13.0/annotations-13.0.jar:/Users/fereizqosulaiman/.m2/repository/org/jetbrains/kotlin/kotlin-stdlib-common/1.5.31/kotlin-stdlib-common-1.5.31.jar:/Users/fereizqosulaiman/.m2/repository/org/jetbrains/kotlin/kotlin-stdlib-jdk7/1.5.31/kotlin-stdlib-jdk7-1.5.31.jar:/Users/fereizqosulaiman/.m2/repository/org/jetbrains/kotlin/kotlin-test/1.5.31/kotlin-test-1.5.31.jar:/Users/fereizqosulaiman/.m2/repository/org/apache/maven/surefire/surefire-testng-utils/2.21.0/surefire-testng-utils-2.21.0.jar:/Users/fereizqosulaiman/.m2/repository/org/apache/maven/surefire/surefire-grouper/2.21.0/surefire-grouper-2.21.0.jar:"/>
    <property name="java.vm.vendor" value="Oracle Corporation"/>
    <property name="sun.arch.data.model" value="64"/>
    <property name="java.vendor.url" value="https://java.oracle.com/"/>
    <property name="os.name" value="Mac OS X"/>
    <property name="java.vm.specification.version" value="12"/>
    <property name="sun.java.launcher" value="SUN_STANDARD"/>
    <property name="user.country" value="ID"/>
    <property name="sun.boot.library.path" value="/Library/Java/JavaVirtualMachines/jdk-12.0.2.jdk/Contents/Home/lib"/>
    <property name="sun.java.command" value="/Users/fereizqosulaiman/Documents/Work/GetGo/Dummy/Appium Test/TestIntegrateAppium-TestCase/target/surefire/surefirebooter16645733245644387380.jar /Users/fereizqosulaiman/Documents/Work/GetGo/Dummy/Appium Test/TestIntegrateAppium-TestCase/target/surefire 2021-10-08T13-18-17_682-jvmRun1 surefire17249433395518210189tmp surefire_012232017626789053658tmp"/>
    <property name="jdk.debug" value="release"/>
    <property name="surefire.test.class.path" value="/Users/fereizqosulaiman/Documents/Work/GetGo/Dummy/Appium Test/TestIntegrateAppium-TestCase/target/test-classes:/Users/fereizqosulaiman/Documents/Work/GetGo/Dummy/Appium Test/TestIntegrateAppium-TestCase/target/classes:/Users/fereizqosulaiman/.m2/repository/io/appium/java-client/7.4.1/java-client-7.4.1.jar:/Users/fereizqosulaiman/.m2/repository/org/seleniumhq/selenium/selenium-java/3.141.59/selenium-java-3.141.59.jar:/Users/fereizqosulaiman/.m2/repository/org/seleniumhq/selenium/selenium-chrome-driver/3.141.59/selenium-chrome-driver-3.141.59.jar:/Users/fereizqosulaiman/.m2/repository/org/seleniumhq/selenium/selenium-edge-driver/3.141.59/selenium-edge-driver-3.141.59.jar:/Users/fereizqosulaiman/.m2/repository/org/seleniumhq/selenium/selenium-firefox-driver/3.141.59/selenium-firefox-driver-3.141.59.jar:/Users/fereizqosulaiman/.m2/repository/org/seleniumhq/selenium/selenium-ie-driver/3.141.59/selenium-ie-driver-3.141.59.jar:/Users/fereizqosulaiman/.m2/repository/org/seleniumhq/selenium/selenium-opera-driver/3.141.59/selenium-opera-driver-3.141.59.jar:/Users/fereizqosulaiman/.m2/repository/org/seleniumhq/selenium/selenium-remote-driver/3.141.59/selenium-remote-driver-3.141.59.jar:/Users/fereizqosulaiman/.m2/repository/org/seleniumhq/selenium/selenium-safari-driver/3.141.59/selenium-safari-driver-3.141.59.jar:/Users/fereizqosulaiman/.m2/repository/net/bytebuddy/byte-buddy/1.8.15/byte-buddy-1.8.15.jar:/Users/fereizqosulaiman/.m2/repository/org/apache/commons/commons-exec/1.3/commons-exec-1.3.jar:/Users/fereizqosulaiman/.m2/repository/com/google/guava/guava/25.0-jre/guava-25.0-jre.jar:/Users/fereizqosulaiman/.m2/repository/com/google/code/findbugs/jsr305/1.3.9/jsr305-1.3.9.jar:/Users/fereizqosulaiman/.m2/repository/org/checkerframework/checker-compat-qual/2.0.0/checker-compat-qual-2.0.0.jar:/Users/fereizqosulaiman/.m2/repository/com/google/errorprone/error_prone_annotations/2.1.3/error_prone_annotations-2.1.3.jar:/Users/fereizqosulaiman/.m2/repository/com/google/j2objc/j2objc-annotations/1.1/j2objc-annotations-1.1.jar:/Users/fereizqosulaiman/.m2/repository/org/codehaus/mojo/animal-sniffer-annotations/1.14/animal-sniffer-annotations-1.14.jar:/Users/fereizqosulaiman/.m2/repository/com/squareup/okhttp3/okhttp/3.11.0/okhttp-3.11.0.jar:/Users/fereizqosulaiman/.m2/repository/com/squareup/okio/okio/1.14.0/okio-1.14.0.jar:/Users/fereizqosulaiman/.m2/repository/org/seleniumhq/selenium/selenium-support/3.141.59/selenium-support-3.141.59.jar:/Users/fereizqosulaiman/.m2/repository/org/seleniumhq/selenium/selenium-api/3.141.59/selenium-api-3.141.59.jar:/Users/fereizqosulaiman/.m2/repository/com/google/code/gson/gson/2.8.6/gson-2.8.6.jar:/Users/fereizqosulaiman/.m2/repository/org/apache/httpcomponents/httpclient/4.5.13/httpclient-4.5.13.jar:/Users/fereizqosulaiman/.m2/repository/org/apache/httpcomponents/httpcore/4.4.13/httpcore-4.4.13.jar:/Users/fereizqosulaiman/.m2/repository/commons-logging/commons-logging/1.2/commons-logging-1.2.jar:/Users/fereizqosulaiman/.m2/repository/commons-codec/commons-codec/1.11/commons-codec-1.11.jar:/Users/fereizqosulaiman/.m2/repository/cglib/cglib/3.3.0/cglib-3.3.0.jar:/Users/fereizqosulaiman/.m2/repository/org/ow2/asm/asm/7.1/asm-7.1.jar:/Users/fereizqosulaiman/.m2/repository/commons-validator/commons-validator/1.7/commons-validator-1.7.jar:/Users/fereizqosulaiman/.m2/repository/commons-beanutils/commons-beanutils/1.9.4/commons-beanutils-1.9.4.jar:/Users/fereizqosulaiman/.m2/repository/commons-digester/commons-digester/2.1/commons-digester-2.1.jar:/Users/fereizqosulaiman/.m2/repository/commons-collections/commons-collections/3.2.2/commons-collections-3.2.2.jar:/Users/fereizqosulaiman/.m2/repository/org/apache/commons/commons-lang3/3.11/commons-lang3-3.11.jar:/Users/fereizqosulaiman/.m2/repository/commons-io/commons-io/2.8.0/commons-io-2.8.0.jar:/Users/fereizqosulaiman/.m2/repository/org/springframework/spring-context/5.3.1/spring-context-5.3.1.jar:/Users/fereizqosulaiman/.m2/repository/org/springframework/spring-aop/5.3.1/spring-aop-5.3.1.jar:/Users/fereizqosulaiman/.m2/repository/org/springframework/spring-beans/5.3.1/spring-beans-5.3.1.jar:/Users/fereizqosulaiman/.m2/repository/org/springframework/spring-core/5.3.1/spring-core-5.3.1.jar:/Users/fereizqosulaiman/.m2/repository/org/springframework/spring-jcl/5.3.1/spring-jcl-5.3.1.jar:/Users/fereizqosulaiman/.m2/repository/org/springframework/spring-expression/5.3.1/spring-expression-5.3.1.jar:/Users/fereizqosulaiman/.m2/repository/org/aspectj/aspectjweaver/1.9.6/aspectjweaver-1.9.6.jar:/Users/fereizqosulaiman/.m2/repository/org/slf4j/slf4j-api/1.7.30/slf4j-api-1.7.30.jar:/Users/fereizqosulaiman/.m2/repository/org/testng/testng/6.14.3/testng-6.14.3.jar:/Users/fereizqosulaiman/.m2/repository/com/beust/jcommander/1.72/jcommander-1.72.jar:/Users/fereizqosulaiman/.m2/repository/org/apache-extras/beanshell/bsh/2.0b6/bsh-2.0b6.jar:/Users/fereizqosulaiman/.m2/repository/org/jetbrains/kotlin/kotlin-stdlib-jdk8/1.5.31/kotlin-stdlib-jdk8-1.5.31.jar:/Users/fereizqosulaiman/.m2/repository/org/jetbrains/kotlin/kotlin-stdlib/1.5.31/kotlin-stdlib-1.5.31.jar:/Users/fereizqosulaiman/.m2/repository/org/jetbrains/annotations/13.0/annotations-13.0.jar:/Users/fereizqosulaiman/.m2/repository/org/jetbrains/kotlin/kotlin-stdlib-common/1.5.31/kotlin-stdlib-common-1.5.31.jar:/Users/fereizqosulaiman/.m2/repository/org/jetbrains/kotlin/kotlin-stdlib-jdk7/1.5.31/kotlin-stdlib-jdk7-1.5.31.jar:/Users/fereizqosulaiman/.m2/repository/org/jetbrains/kotlin/kotlin-test/1.5.31/kotlin-test-1.5.31.jar:/Users/fereizqosulaiman/.m2/repository/org/apache/maven/surefire/surefire-testng-utils/2.21.0/surefire-testng-utils-2.21.0.jar:/Users/fereizqosulaiman/.m2/repository/org/apache/maven/surefire/surefire-grouper/2.21.0/surefire-grouper-2.21.0.jar:"/>
    <property name="sun.cpu.endian" value="little"/>
    <property name="user.home" value="/Users/fereizqosulaiman"/>
    <property name="user.language" value="en"/>
    <property name="java.specification.vendor" value="Oracle Corporation"/>
    <property name="java.version.date" value="2019-07-16"/>
    <property name="java.home" value="/Library/Java/JavaVirtualMachines/jdk-12.0.2.jdk/Contents/Home"/>
    <property name="file.separator" value="/"/>
    <property name="basedir" value="/Users/fereizqosulaiman/Documents/Work/GetGo/Dummy/Appium Test/TestIntegrateAppium-TestCase"/>
    <property name="java.vm.compressedOopsMode" value="Zero based"/>
    <property name="line.separator" value="&#10;"/>
    <property name="java.vm.specification.vendor" value="Oracle Corporation"/>
    <property name="java.specification.name" value="Java Platform API Specification"/>
    <property name="java.awt.graphicsenv" value="sun.awt.CGraphicsEnvironment"/>
    <property name="surefire.real.class.path" value="/Users/fereizqosulaiman/Documents/Work/GetGo/Dummy/Appium Test/TestIntegrateAppium-TestCase/target/surefire/surefirebooter16645733245644387380.jar"/>
    <property name="sun.management.compiler" value="HotSpot 64-Bit Tiered Compilers"/>
    <property name="java.runtime.version" value="12.0.2+10"/>
    <property name="user.name" value="fereizqosulaiman"/>
    <property name="path.separator" value=":"/>
    <property name="os.version" value="10.16"/>
    <property name="java.runtime.name" value="Java(TM) SE Runtime Environment"/>
    <property name="file.encoding" value="UTF-8"/>
    <property name="java.vm.name" value="Java HotSpot(TM) 64-Bit Server VM"/>
    <property name="localRepository" value="/Users/fereizqosulaiman/.m2/repository"/>
    <property name="java.vendor.url.bug" value="https://bugreport.java.com/bugreport/"/>
    <property name="java.io.tmpdir" value="/var/folders/k7/rrfhx_pd5cj16952bf1c4mkw0000gn/T/"/>
    <property name="java.version" value="12.0.2"/>
    <property name="user.dir" value="/Users/fereizqosulaiman/Documents/Work/GetGo/Dummy/Appium Test/TestIntegrateAppium-TestCase"/>
    <property name="os.arch" value="x86_64"/>
    <property name="java.vm.specification.name" value="Java Virtual Machine Specification"/>
    <property name="java.library.path" value="/Users/fereizqosulaiman/Library/Java/Extensions:/Library/Java/Extensions:/Network/Library/Java/Extensions:/System/Library/Java/Extensions:/usr/lib/java:."/>
    <property name="java.vm.info" value="mixed mode, sharing"/>
    <property name="java.vendor" value="Oracle Corporation"/>
    <property name="java.vm.version" value="12.0.2+10"/>
    <property name="sun.io.unicode.encoding" value="UnicodeBig"/>
    <property name="java.class.version" value="56.0"/>
  </properties>
  <testcase name="sampleTest" classname="AppiumiOSLocalStorage" time="0.072"/>
</testsuite>