<?xml version="1.0" encoding="UTF-8"?>
<!-- Generated by org.testng.reporters.JUnitReportReporter -->
<testsuite hostname="192.168.1.20" failures="0" tests="1" name="AppiumiOSLocalStorage" time="0.071" errors="0" timestamp="08 Oct 2021 06:18:33 GMT" skipped="0">
  <testcase classname="AppiumiOSLocalStorage" name="sampleTest" time="0.071"/>
</testsuite> <!-- AppiumiOSLocalStorage -->
